Device:  cuda:0
Epoch: [3/10] Step: [10/258]  loss: 0.05  acc: 0.93  tree_l: 0.02  bg_l: 0.03  tp: 0.17  tn: 0.76  fp: 0.04  fn: 0.03 
Saving logs from previous epochs before shutting down the process
Traceback (most recent call last):
  File "/home/ubuntu/anaconda3/envs/pytorch_p36/lib/python3.6/site-packages/torch/utils/data/dataloader.py", line 511, in _try_get_batch
    data = self.data_queue.get(timeout=timeout)
  File "/home/ubuntu/anaconda3/envs/pytorch_p36/lib/python3.6/multiprocessing/queues.py", line 113, in get
    return _ForkingPickler.loads(res)
  File "/home/ubuntu/anaconda3/envs/pytorch_p36/lib/python3.6/site-packages/torch/multiprocessing/reductions.py", line 276, in rebuild_storage_fd
    fd = df.detach()
  File "/home/ubuntu/anaconda3/envs/pytorch_p36/lib/python3.6/multiprocessing/resource_sharer.py", line 57, in detach
    with _resource_sharer.get_connection(self._id) as conn:
  File "/home/ubuntu/anaconda3/envs/pytorch_p36/lib/python3.6/multiprocessing/resource_sharer.py", line 87, in get_connection
    c = Client(address, authkey=process.current_process().authkey)
  File "/home/ubuntu/anaconda3/envs/pytorch_p36/lib/python3.6/multiprocessing/connection.py", line 487, in Client
    c = SocketClient(address)
  File "/home/ubuntu/anaconda3/envs/pytorch_p36/lib/python3.6/multiprocessing/connection.py", line 614, in SocketClient
    s.connect(address)
FileNotFoundError: [Errno 2] No such file or directory

During handling of the above exception, another exception occurred:

Traceback (most recent call last):
  File "main.py", line 185, in <module>
    main()
  File "main.py", line 166, in main
    trainer(epoch)
  File "/mnt/efs/TreeDetector/train_loop.py", line 164, in __call__
    for step, (feature, elv, mask) in enumerate(self.train_loader):
  File "/home/ubuntu/anaconda3/envs/pytorch_p36/lib/python3.6/site-packages/torch/utils/data/dataloader.py", line 576, in __next__
    idx, batch = self._get_batch()
  File "/home/ubuntu/anaconda3/envs/pytorch_p36/lib/python3.6/site-packages/torch/utils/data/dataloader.py", line 553, in _get_batch
    success, data = self._try_get_batch()
  File "/home/ubuntu/anaconda3/envs/pytorch_p36/lib/python3.6/site-packages/torch/utils/data/dataloader.py", line 519, in _try_get_batch
    raise RuntimeError('DataLoader worker (pid(s) {}) exited unexpectedly'.format(pids_str))
RuntimeError: DataLoader worker (pid(s) 3281, 3282) exited unexpectedly
do you want to stop the instance?
run.sh: line 9: read: read error: 0: Bad file descriptor
keep the instance running
Device:  cuda:0
Epoch: [3/10] Step: [10/258]  loss: 0.05  acc: 0.93  tree_l: 0.02  bg_l: 0.03  tp: 0.17  tn: 0.76  fp: 0.04  fn: 0.03 
Epoch: [3/10] Step: [20/258]  loss: 0.04  acc: 0.94  tree_l: 0.02  bg_l: 0.02  tp: 0.17  tn: 0.77  fp: 0.02  fn: 0.03 
Epoch: [3/10] Step: [30/258]  loss: 0.04  acc: 0.94  tree_l: 0.02  bg_l: 0.02  tp: 0.15  tn: 0.79  fp: 0.03  fn: 0.02 
Epoch: [3/10] Step: [40/258]  loss: 0.04  acc: 0.94  tree_l: 0.03  bg_l: 0.01  tp: 0.14  tn: 0.81  fp: 0.02  fn: 0.04 
Epoch: [3/10] Step: [50/258]  loss: 0.03  acc: 0.95  tree_l: 0.02  bg_l: 0.01  tp: 0.16  tn: 0.79  fp: 0.02  fn: 0.03 
Epoch: [3/10] Step: [60/258]  loss: 0.04  acc: 0.94  tree_l: 0.02  bg_l: 0.02  tp: 0.12  tn: 0.83  fp: 0.03  fn: 0.02 
Epoch: [3/10] Step: [70/258]  loss: 0.04  acc: 0.94  tree_l: 0.03  bg_l: 0.02  tp: 0.16  tn: 0.78  fp: 0.02  fn: 0.04 
Epoch: [3/10] Step: [80/258]  loss: 0.04  acc: 0.94  tree_l: 0.02  bg_l: 0.02  tp: 0.18  tn: 0.77  fp: 0.02  fn: 0.03 
Epoch: [3/10] Step: [90/258]  loss: 0.03  acc: 0.95  tree_l: 0.02  bg_l: 0.02  tp: 0.10  tn: 0.86  fp: 0.02  fn: 0.02 
Epoch: [3/10] Step: [100/258]  loss: 0.03  acc: 0.95  tree_l: 0.03  bg_l: 0.01  tp: 0.17  tn: 0.78  fp: 0.01  fn: 0.04 
Epoch: [3/10] Step: [110/258]  loss: 0.03  acc: 0.95  tree_l: 0.02  bg_l: 0.01  tp: 0.13  tn: 0.82  fp: 0.02  fn: 0.02 
Epoch: [3/10] Step: [120/258]  loss: 0.04  acc: 0.94  tree_l: 0.02  bg_l: 0.02  tp: 0.19  tn: 0.76  fp: 0.03  fn: 0.03 
Epoch: [3/10] Step: [130/258]  loss: 0.04  acc: 0.93  tree_l: 0.02  bg_l: 0.02  tp: 0.17  tn: 0.77  fp: 0.03  fn: 0.03 
Epoch: [3/10] Step: [140/258]  loss: 0.03  acc: 0.96  tree_l: 0.01  bg_l: 0.02  tp: 0.13  tn: 0.83  fp: 0.02  fn: 0.02 
Epoch: [3/10] Step: [150/258]  loss: 0.04  acc: 0.93  tree_l: 0.03  bg_l: 0.02  tp: 0.21  tn: 0.73  fp: 0.02  fn: 0.04 
Epoch: [3/10] Step: [160/258]  loss: 0.04  acc: 0.93  tree_l: 0.02  bg_l: 0.02  tp: 0.19  tn: 0.75  fp: 0.03  fn: 0.03 
Epoch: [3/10] Step: [170/258]  loss: 0.05  acc: 0.93  tree_l: 0.04  bg_l: 0.01  tp: 0.17  tn: 0.77  fp: 0.01  fn: 0.05 
Epoch: [3/10] Step: [180/258]  loss: 0.04  acc: 0.94  tree_l: 0.02  bg_l: 0.02  tp: 0.16  tn: 0.79  fp: 0.03  fn: 0.02 
Epoch: [3/10] Step: [190/258]  loss: 0.04  acc: 0.95  tree_l: 0.02  bg_l: 0.01  tp: 0.16  tn: 0.79  fp: 0.02  fn: 0.03 
Epoch: [3/10] Step: [200/258]  loss: 0.03  acc: 0.95  tree_l: 0.02  bg_l: 0.01  tp: 0.12  tn: 0.83  fp: 0.02  fn: 0.03 
Epoch: [3/10] Step: [210/258]  loss: 0.04  acc: 0.94  tree_l: 0.02  bg_l: 0.03  tp: 0.16  tn: 0.78  fp: 0.04  fn: 0.02 
Epoch: [3/10] Step: [220/258]  loss: 0.03  acc: 0.95  tree_l: 0.01  bg_l: 0.01  tp: 0.17  tn: 0.79  fp: 0.02  fn: 0.02 
Epoch: [3/10] Step: [230/258]  loss: 0.04  acc: 0.94  tree_l: 0.02  bg_l: 0.02  tp: 0.18  tn: 0.77  fp: 0.03  fn: 0.03 
Epoch: [3/10] Step: [240/258]  loss: 0.04  acc: 0.94  tree_l: 0.02  bg_l: 0.01  tp: 0.19  tn: 0.76  fp: 0.02  fn: 0.03 
Epoch: [3/10] Step: [250/258]  loss: 0.05  acc: 0.93  tree_l: 0.04  bg_l: 0.01  tp: 0.19  tn: 0.74  fp: 0.01  fn: 0.05 
validating model after epoch: 3
Val Loss: 0.05, Val Acc: 0.93
Epoch: [4/10] Step: [10/258]  loss: 0.04  acc: 0.94  tree_l: 0.02  bg_l: 0.02  tp: 0.17  tn: 0.78  fp: 0.03  fn: 0.02 
Epoch: [4/10] Step: [20/258]  loss: 0.04  acc: 0.94  tree_l: 0.02  bg_l: 0.01  tp: 0.20  tn: 0.74  fp: 0.02  fn: 0.04 
Epoch: [4/10] Step: [30/258]  loss: 0.03  acc: 0.95  tree_l: 0.01  bg_l: 0.01  tp: 0.13  tn: 0.83  fp: 0.02  fn: 0.02 
Epoch: [4/10] Step: [40/258]  loss: 0.06  acc: 0.92  tree_l: 0.04  bg_l: 0.02  tp: 0.26  tn: 0.66  fp: 0.02  fn: 0.06 
Epoch: [4/10] Step: [50/258]  loss: 0.03  acc: 0.95  tree_l: 0.01  bg_l: 0.02  tp: 0.17  tn: 0.79  fp: 0.02  fn: 0.02 
Epoch: [4/10] Step: [60/258]  loss: 0.03  acc: 0.95  tree_l: 0.02  bg_l: 0.01  tp: 0.17  tn: 0.78  fp: 0.02  fn: 0.03 
Epoch: [4/10] Step: [70/258]  loss: 0.03  acc: 0.95  tree_l: 0.02  bg_l: 0.01  tp: 0.25  tn: 0.71  fp: 0.02  fn: 0.03 
Epoch: [4/10] Step: [80/258]  loss: 0.03  acc: 0.94  tree_l: 0.02  bg_l: 0.01  tp: 0.18  tn: 0.77  fp: 0.02  fn: 0.03 
Epoch: [4/10] Step: [90/258]  loss: 0.03  acc: 0.95  tree_l: 0.02  bg_l: 0.01  tp: 0.21  tn: 0.75  fp: 0.02  fn: 0.03 
Epoch: [4/10] Step: [100/258]  loss: 0.04  acc: 0.94  tree_l: 0.03  bg_l: 0.02  tp: 0.20  tn: 0.74  fp: 0.02  fn: 0.04 
Epoch: [4/10] Step: [110/258]  loss: 0.03  acc: 0.95  tree_l: 0.02  bg_l: 0.01  tp: 0.21  tn: 0.74  fp: 0.02  fn: 0.03 
Epoch: [4/10] Step: [120/258]  loss: 0.03  acc: 0.94  tree_l: 0.02  bg_l: 0.02  tp: 0.30  tn: 0.65  fp: 0.02  fn: 0.03 
Epoch: [4/10] Step: [130/258]  loss: 0.03  acc: 0.95  tree_l: 0.02  bg_l: 0.01  tp: 0.15  tn: 0.80  fp: 0.02  fn: 0.02 
Epoch: [4/10] Step: [140/258]  loss: 0.03  acc: 0.94  tree_l: 0.02  bg_l: 0.02  tp: 0.16  tn: 0.79  fp: 0.02  fn: 0.03 
Epoch: [4/10] Step: [150/258]  loss: 0.04  acc: 0.94  tree_l: 0.03  bg_l: 0.01  tp: 0.23  tn: 0.71  fp: 0.02  fn: 0.04 
Epoch: [4/10] Step: [160/258]  loss: 0.04  acc: 0.94  tree_l: 0.02  bg_l: 0.02  tp: 0.22  tn: 0.73  fp: 0.03  fn: 0.03 
Epoch: [4/10] Step: [170/258]  loss: 0.03  acc: 0.96  tree_l: 0.02  bg_l: 0.01  tp: 0.17  tn: 0.79  fp: 0.01  fn: 0.03 
Epoch: [4/10] Step: [180/258]  loss: 0.03  acc: 0.96  tree_l: 0.02  bg_l: 0.01  tp: 0.15  tn: 0.82  fp: 0.01  fn: 0.02 
Epoch: [4/10] Step: [190/258]  loss: 0.04  acc: 0.93  tree_l: 0.03  bg_l: 0.01  tp: 0.16  tn: 0.78  fp: 0.02  fn: 0.04 
Epoch: [4/10] Step: [200/258]  loss: 0.02  acc: 0.96  tree_l: 0.01  bg_l: 0.01  tp: 0.12  tn: 0.85  fp: 0.01  fn: 0.02 
Epoch: [4/10] Step: [210/258]  loss: 0.03  acc: 0.95  tree_l: 0.02  bg_l: 0.01  tp: 0.12  tn: 0.83  fp: 0.01  fn: 0.03 
Epoch: [4/10] Step: [220/258]  loss: 0.02  acc: 0.97  tree_l: 0.01  bg_l: 0.01  tp: 0.10  tn: 0.87  fp: 0.01  fn: 0.02 
Epoch: [4/10] Step: [230/258]  loss: 0.02  acc: 0.96  tree_l: 0.01  bg_l: 0.01  tp: 0.13  tn: 0.83  fp: 0.02  fn: 0.02 
Epoch: [4/10] Step: [240/258]  loss: 0.04  acc: 0.94  tree_l: 0.03  bg_l: 0.01  tp: 0.20  tn: 0.74  fp: 0.01  fn: 0.04 
Epoch: [4/10] Step: [250/258]  loss: 0.03  acc: 0.95  tree_l: 0.02  bg_l: 0.01  tp: 0.18  tn: 0.78  fp: 0.02  fn: 0.03 
validating model after epoch: 4
Val Loss: 0.05, Val Acc: 0.93
Epoch: [5/10] Step: [10/258]  loss: 0.03  acc: 0.96  tree_l: 0.01  bg_l: 0.01  tp: 0.19  tn: 0.77  fp: 0.02  fn: 0.02 
Epoch: [5/10] Step: [20/258]  loss: 0.02  acc: 0.96  tree_l: 0.01  bg_l: 0.01  tp: 0.16  tn: 0.81  fp: 0.01  fn: 0.02 
Epoch: [5/10] Step: [30/258]  loss: 0.04  acc: 0.94  tree_l: 0.03  bg_l: 0.01  tp: 0.20  tn: 0.75  fp: 0.01  fn: 0.04 
Epoch: [5/10] Step: [40/258]  loss: 0.03  acc: 0.95  tree_l: 0.02  bg_l: 0.01  tp: 0.23  tn: 0.73  fp: 0.02  fn: 0.03 
Epoch: [5/10] Step: [50/258]  loss: 0.02  acc: 0.96  tree_l: 0.01  bg_l: 0.01  tp: 0.10  tn: 0.87  fp: 0.01  fn: 0.02 
Epoch: [5/10] Step: [60/258]  loss: 0.02  acc: 0.96  tree_l: 0.01  bg_l: 0.01  tp: 0.20  tn: 0.77  fp: 0.02  fn: 0.02 
Epoch: [5/10] Step: [70/258]  loss: 0.03  acc: 0.95  tree_l: 0.02  bg_l: 0.01  tp: 0.19  tn: 0.76  fp: 0.02  fn: 0.03 
Epoch: [5/10] Step: [80/258]  loss: 0.03  acc: 0.95  tree_l: 0.02  bg_l: 0.01  tp: 0.16  tn: 0.80  fp: 0.02  fn: 0.03 
Epoch: [5/10] Step: [90/258]  loss: 0.03  acc: 0.95  tree_l: 0.02  bg_l: 0.01  tp: 0.16  tn: 0.79  fp: 0.01  fn: 0.03 
Epoch: [5/10] Step: [100/258]  loss: 0.03  acc: 0.95  tree_l: 0.02  bg_l: 0.01  tp: 0.18  tn: 0.78  fp: 0.01  fn: 0.03 
Epoch: [5/10] Step: [110/258]  loss: 0.02  acc: 0.96  tree_l: 0.02  bg_l: 0.01  tp: 0.11  tn: 0.86  fp: 0.01  fn: 0.02 
Epoch: [5/10] Step: [120/258]  loss: 0.03  acc: 0.95  tree_l: 0.02  bg_l: 0.01  tp: 0.19  tn: 0.76  fp: 0.01  fn: 0.03 
Epoch: [5/10] Step: [130/258]  loss: 0.03  acc: 0.95  tree_l: 0.02  bg_l: 0.01  tp: 0.18  tn: 0.78  fp: 0.02  fn: 0.03 
Epoch: [5/10] Step: [140/258]  loss: 0.02  acc: 0.96  tree_l: 0.01  bg_l: 0.01  tp: 0.17  tn: 0.80  fp: 0.01  fn: 0.02 
Epoch: [5/10] Step: [150/258]  loss: 0.04  acc: 0.94  tree_l: 0.03  bg_l: 0.01  tp: 0.14  tn: 0.80  fp: 0.02  fn: 0.04 
Epoch: [5/10] Step: [160/258]  loss: 0.02  acc: 0.96  tree_l: 0.01  bg_l: 0.01  tp: 0.14  tn: 0.82  fp: 0.02  fn: 0.02 
Epoch: [5/10] Step: [170/258]  loss: 0.03  acc: 0.96  tree_l: 0.02  bg_l: 0.01  tp: 0.17  tn: 0.79  fp: 0.02  fn: 0.02 
Epoch: [5/10] Step: [180/258]  loss: 0.04  acc: 0.94  tree_l: 0.02  bg_l: 0.02  tp: 0.25  tn: 0.70  fp: 0.03  fn: 0.03 
Epoch: [5/10] Step: [190/258]  loss: 0.03  acc: 0.95  tree_l: 0.01  bg_l: 0.01  tp: 0.26  tn: 0.70  fp: 0.02  fn: 0.02 
Epoch: [5/10] Step: [200/258]  loss: 0.02  acc: 0.96  tree_l: 0.01  bg_l: 0.01  tp: 0.18  tn: 0.79  fp: 0.02  fn: 0.02 
Epoch: [5/10] Step: [210/258]  loss: 0.03  acc: 0.96  tree_l: 0.02  bg_l: 0.01  tp: 0.14  tn: 0.82  fp: 0.01  fn: 0.02 
Epoch: [5/10] Step: [220/258]  loss: 0.03  acc: 0.95  tree_l: 0.02  bg_l: 0.01  tp: 0.14  tn: 0.82  fp: 0.01  fn: 0.03 
Epoch: [5/10] Step: [230/258]  loss: 0.03  acc: 0.96  tree_l: 0.02  bg_l: 0.01  tp: 0.13  tn: 0.83  fp: 0.02  fn: 0.02 
Epoch: [5/10] Step: [240/258]  loss: 0.03  acc: 0.94  tree_l: 0.02  bg_l: 0.01  tp: 0.20  tn: 0.75  fp: 0.01  fn: 0.04 
Epoch: [5/10] Step: [250/258]  loss: 0.03  acc: 0.96  tree_l: 0.01  bg_l: 0.02  tp: 0.12  tn: 0.84  fp: 0.03  fn: 0.01 
validating model after epoch: 5
Val Loss: 0.05, Val Acc: 0.93
Epoch: [6/10] Step: [10/258]  loss: 0.03  acc: 0.95  tree_l: 0.02  bg_l: 0.01  tp: 0.21  tn: 0.75  fp: 0.01  fn: 0.03 
Epoch: [6/10] Step: [20/258]  loss: 0.03  acc: 0.95  tree_l: 0.03  bg_l: 0.01  tp: 0.19  tn: 0.76  fp: 0.01  fn: 0.04 
Epoch: [6/10] Step: [30/258]  loss: 0.02  acc: 0.97  tree_l: 0.01  bg_l: 0.01  tp: 0.13  tn: 0.84  fp: 0.01  fn: 0.02 
Epoch: [6/10] Step: [40/258]  loss: 0.03  acc: 0.96  tree_l: 0.01  bg_l: 0.01  tp: 0.18  tn: 0.78  fp: 0.02  fn: 0.01 
Epoch: [6/10] Step: [50/258]  loss: 0.02  acc: 0.97  tree_l: 0.01  bg_l: 0.01  tp: 0.14  tn: 0.83  fp: 0.02  fn: 0.01 
Epoch: [6/10] Step: [60/258]  loss: 0.02  acc: 0.96  tree_l: 0.01  bg_l: 0.01  tp: 0.20  tn: 0.76  fp: 0.02  fn: 0.02 
Epoch: [6/10] Step: [70/258]  loss: 0.01  acc: 0.97  tree_l: 0.01  bg_l: 0.01  tp: 0.15  tn: 0.83  fp: 0.01  fn: 0.01 
Epoch: [6/10] Step: [80/258]  loss: 0.03  acc: 0.96  tree_l: 0.02  bg_l: 0.01  tp: 0.21  tn: 0.75  fp: 0.01  fn: 0.02 
Epoch: [6/10] Step: [90/258]  loss: 0.02  acc: 0.96  tree_l: 0.01  bg_l: 0.01  tp: 0.15  tn: 0.81  fp: 0.01  fn: 0.02 
Epoch: [6/10] Step: [100/258]  loss: 0.03  acc: 0.95  tree_l: 0.01  bg_l: 0.02  tp: 0.18  tn: 0.78  fp: 0.02  fn: 0.02 
Epoch: [6/10] Step: [110/258]  loss: 0.03  acc: 0.95  tree_l: 0.02  bg_l: 0.01  tp: 0.20  tn: 0.76  fp: 0.02  fn: 0.02 
Epoch: [6/10] Step: [120/258]  loss: 0.03  acc: 0.95  tree_l: 0.02  bg_l: 0.01  tp: 0.22  tn: 0.74  fp: 0.01  fn: 0.02 
Epoch: [6/10] Step: [130/258]  loss: 0.02  acc: 0.97  tree_l: 0.02  bg_l: 0.01  tp: 0.13  tn: 0.84  fp: 0.01  fn: 0.02 
Epoch: [6/10] Step: [140/258]  loss: 0.02  acc: 0.96  tree_l: 0.01  bg_l: 0.01  tp: 0.21  tn: 0.76  fp: 0.02  fn: 0.02 
Epoch: [6/10] Step: [150/258]  loss: 0.03  acc: 0.95  tree_l: 0.02  bg_l: 0.01  tp: 0.14  tn: 0.82  fp: 0.01  fn: 0.03 
Epoch: [6/10] Step: [160/258]  loss: 0.02  acc: 0.95  tree_l: 0.02  bg_l: 0.01  tp: 0.17  tn: 0.79  fp: 0.01  fn: 0.03 
Epoch: [6/10] Step: [170/258]  loss: 0.02  acc: 0.96  tree_l: 0.01  bg_l: 0.01  tp: 0.20  tn: 0.76  fp: 0.01  fn: 0.02 
Epoch: [6/10] Step: [180/258]  loss: 0.02  acc: 0.97  tree_l: 0.01  bg_l: 0.01  tp: 0.16  tn: 0.81  fp: 0.02  fn: 0.01 
Epoch: [6/10] Step: [190/258]  loss: 0.03  acc: 0.95  tree_l: 0.02  bg_l: 0.01  tp: 0.18  tn: 0.77  fp: 0.02  fn: 0.03 
Epoch: [6/10] Step: [200/258]  loss: 0.02  acc: 0.95  tree_l: 0.01  bg_l: 0.01  tp: 0.17  tn: 0.80  fp: 0.02  fn: 0.02 
Epoch: [6/10] Step: [210/258]  loss: 0.03  acc: 0.95  tree_l: 0.02  bg_l: 0.01  tp: 0.16  tn: 0.80  fp: 0.02  fn: 0.02 
Epoch: [6/10] Step: [220/258]  loss: 0.03  acc: 0.95  tree_l: 0.02  bg_l: 0.01  tp: 0.17  tn: 0.79  fp: 0.01  fn: 0.03 
Epoch: [6/10] Step: [230/258]  loss: 0.03  acc: 0.96  tree_l: 0.02  bg_l: 0.01  tp: 0.21  tn: 0.75  fp: 0.01  fn: 0.03 
Epoch: [6/10] Step: [240/258]  loss: 0.03  acc: 0.95  tree_l: 0.02  bg_l: 0.01  tp: 0.24  tn: 0.72  fp: 0.02  fn: 0.02 
Epoch: [6/10] Step: [250/258]  loss: 0.03  acc: 0.96  tree_l: 0.02  bg_l: 0.01  tp: 0.13  tn: 0.84  fp: 0.02  fn: 0.02 
validating model after epoch: 6
Val Loss: 0.05, Val Acc: 0.93
Epoch: [7/10] Step: [10/258]  loss: 0.02  acc: 0.96  tree_l: 0.01  bg_l: 0.01  tp: 0.14  tn: 0.83  fp: 0.01  fn: 0.02 
Epoch: [7/10] Step: [20/258]  loss: 0.02  acc: 0.96  tree_l: 0.01  bg_l: 0.01  tp: 0.24  tn: 0.72  fp: 0.02  fn: 0.02 
Epoch: [7/10] Step: [30/258]  loss: 0.02  acc: 0.96  tree_l: 0.02  bg_l: 0.01  tp: 0.14  tn: 0.82  fp: 0.01  fn: 0.02 
Epoch: [7/10] Step: [40/258]  loss: 0.02  acc: 0.97  tree_l: 0.01  bg_l: 0.01  tp: 0.19  tn: 0.79  fp: 0.01  fn: 0.02 
Epoch: [7/10] Step: [50/258]  loss: 0.02  acc: 0.96  tree_l: 0.01  bg_l: 0.01  tp: 0.17  tn: 0.81  fp: 0.01  fn: 0.01 
Epoch: [7/10] Step: [60/258]  loss: 0.03  acc: 0.95  tree_l: 0.01  bg_l: 0.01  tp: 0.20  tn: 0.77  fp: 0.02  fn: 0.02 
Epoch: [7/10] Step: [70/258]  loss: 0.02  acc: 0.97  tree_l: 0.01  bg_l: 0.01  tp: 0.23  tn: 0.74  fp: 0.01  fn: 0.01 
Epoch: [7/10] Step: [80/258]  loss: 0.02  acc: 0.96  tree_l: 0.01  bg_l: 0.01  tp: 0.22  tn: 0.75  fp: 0.02  fn: 0.01 
Epoch: [7/10] Step: [90/258]  loss: 0.02  acc: 0.97  tree_l: 0.01  bg_l: 0.01  tp: 0.13  tn: 0.84  fp: 0.01  fn: 0.01 
Epoch: [7/10] Step: [100/258]  loss: 0.03  acc: 0.96  tree_l: 0.01  bg_l: 0.01  tp: 0.19  tn: 0.77  fp: 0.02  fn: 0.02 
Epoch: [7/10] Step: [110/258]  loss: 0.02  acc: 0.97  tree_l: 0.01  bg_l: 0.01  tp: 0.18  tn: 0.80  fp: 0.01  fn: 0.01 
Epoch: [7/10] Step: [120/258]  loss: 0.02  acc: 0.96  tree_l: 0.02  bg_l: 0.01  tp: 0.16  tn: 0.81  fp: 0.01  fn: 0.02 
Epoch: [7/10] Step: [130/258]  loss: 0.02  acc: 0.96  tree_l: 0.01  bg_l: 0.01  tp: 0.20  tn: 0.77  fp: 0.02  fn: 0.02 
Epoch: [7/10] Step: [140/258]  loss: 0.02  acc: 0.97  tree_l: 0.01  bg_l: 0.01  tp: 0.22  tn: 0.75  fp: 0.01  fn: 0.02 
Epoch: [7/10] Step: [150/258]  loss: 0.03  acc: 0.95  tree_l: 0.02  bg_l: 0.01  tp: 0.21  tn: 0.75  fp: 0.01  fn: 0.03 
Epoch: [7/10] Step: [160/258]  loss: 0.03  acc: 0.94  tree_l: 0.02  bg_l: 0.01  tp: 0.24  tn: 0.71  fp: 0.02  fn: 0.03 
Epoch: [7/10] Step: [170/258]  loss: 0.02  acc: 0.96  tree_l: 0.01  bg_l: 0.01  tp: 0.13  tn: 0.83  fp: 0.02  fn: 0.02 
Epoch: [7/10] Step: [180/258]  loss: 0.02  acc: 0.96  tree_l: 0.01  bg_l: 0.01  tp: 0.17  tn: 0.80  fp: 0.02  fn: 0.01 
Epoch: [7/10] Step: [190/258]  loss: 0.03  acc: 0.95  tree_l: 0.02  bg_l: 0.01  tp: 0.20  tn: 0.75  fp: 0.02  fn: 0.03 
Epoch: [7/10] Step: [200/258]  loss: 0.02  acc: 0.95  tree_l: 0.01  bg_l: 0.01  tp: 0.24  tn: 0.73  fp: 0.02  fn: 0.02 
Epoch: [7/10] Step: [210/258]  loss: 0.02  acc: 0.97  tree_l: 0.01  bg_l: 0.01  tp: 0.09  tn: 0.88  fp: 0.01  fn: 0.01 
Epoch: [7/10] Step: [220/258]  loss: 0.03  acc: 0.96  tree_l: 0.01  bg_l: 0.02  tp: 0.19  tn: 0.78  fp: 0.02  fn: 0.01 
Epoch: [7/10] Step: [230/258]  loss: 0.02  acc: 0.95  tree_l: 0.01  bg_l: 0.01  tp: 0.22  tn: 0.74  fp: 0.02  fn: 0.02 
Epoch: [7/10] Step: [240/258]  loss: 0.02  acc: 0.97  tree_l: 0.01  bg_l: 0.01  tp: 0.15  tn: 0.82  fp: 0.01  fn: 0.02 
Epoch: [7/10] Step: [250/258]  loss: 0.02  acc: 0.96  tree_l: 0.01  bg_l: 0.01  tp: 0.15  tn: 0.82  fp: 0.02  fn: 0.01 
validating model after epoch: 7
Val Loss: 0.05, Val Acc: 0.93
Epoch: [8/10] Step: [10/258]  loss: 0.01  acc: 0.98  tree_l: 0.01  bg_l: 0.01  tp: 0.11  tn: 0.87  fp: 0.01  fn: 0.01 
Epoch: [8/10] Step: [20/258]  loss: 0.03  acc: 0.95  tree_l: 0.02  bg_l: 0.01  tp: 0.23  tn: 0.73  fp: 0.02  fn: 0.02 
Epoch: [8/10] Step: [30/258]  loss: 0.02  acc: 0.97  tree_l: 0.01  bg_l: 0.01  tp: 0.20  tn: 0.77  fp: 0.01  fn: 0.02 
Epoch: [8/10] Step: [40/258]  loss: 0.02  acc: 0.97  tree_l: 0.01  bg_l: 0.01  tp: 0.18  tn: 0.80  fp: 0.01  fn: 0.01 
Epoch: [8/10] Step: [50/258]  loss: 0.02  acc: 0.97  tree_l: 0.01  bg_l: 0.01  tp: 0.22  tn: 0.75  fp: 0.01  fn: 0.02 
Epoch: [8/10] Step: [60/258]  loss: 0.02  acc: 0.97  tree_l: 0.01  bg_l: 0.01  tp: 0.22  tn: 0.75  fp: 0.01  fn: 0.02 
Epoch: [8/10] Step: [70/258]  loss: 0.02  acc: 0.96  tree_l: 0.01  bg_l: 0.01  tp: 0.27  tn: 0.70  fp: 0.01  fn: 0.02 
Epoch: [8/10] Step: [80/258]  loss: 0.03  acc: 0.95  tree_l: 0.01  bg_l: 0.01  tp: 0.26  tn: 0.70  fp: 0.02  fn: 0.02 
Epoch: [8/10] Step: [90/258]  loss: 0.02  acc: 0.97  tree_l: 0.01  bg_l: 0.01  tp: 0.13  tn: 0.84  fp: 0.01  fn: 0.01 
Epoch: [8/10] Step: [100/258]  loss: 0.02  acc: 0.97  tree_l: 0.01  bg_l: 0.01  tp: 0.19  tn: 0.79  fp: 0.01  fn: 0.01 
Epoch: [8/10] Step: [110/258]  loss: 0.01  acc: 0.97  tree_l: 0.01  bg_l: 0.01  tp: 0.12  tn: 0.86  fp: 0.01  fn: 0.01 
Epoch: [8/10] Step: [120/258]  loss: 0.02  acc: 0.96  tree_l: 0.01  bg_l: 0.01  tp: 0.18  tn: 0.79  fp: 0.01  fn: 0.02 
Epoch: [8/10] Step: [130/258]  loss: 0.02  acc: 0.97  tree_l: 0.01  bg_l: 0.01  tp: 0.20  tn: 0.78  fp: 0.01  fn: 0.02 
Epoch: [8/10] Step: [140/258]  loss: 0.01  acc: 0.98  tree_l: 0.01  bg_l: 0.00  tp: 0.15  tn: 0.83  fp: 0.01  fn: 0.01 
Epoch: [8/10] Step: [150/258]  loss: 0.02  acc: 0.97  tree_l: 0.01  bg_l: 0.01  tp: 0.15  tn: 0.82  fp: 0.01  fn: 0.01 
Epoch: [8/10] Step: [160/258]  loss: 0.02  acc: 0.97  tree_l: 0.01  bg_l: 0.01  tp: 0.19  tn: 0.79  fp: 0.01  fn: 0.01 
Epoch: [8/10] Step: [170/258]  loss: 0.02  acc: 0.96  tree_l: 0.01  bg_l: 0.01  tp: 0.21  tn: 0.76  fp: 0.02  fn: 0.02 
Epoch: [8/10] Step: [180/258]  loss: 0.02  acc: 0.96  tree_l: 0.01  bg_l: 0.01  tp: 0.21  tn: 0.77  fp: 0.02  fn: 0.01 
Epoch: [8/10] Step: [190/258]  loss: 0.02  acc: 0.97  tree_l: 0.01  bg_l: 0.01  tp: 0.15  tn: 0.82  fp: 0.01  fn: 0.02 
Epoch: [8/10] Step: [200/258]  loss: 0.01  acc: 0.97  tree_l: 0.01  bg_l: 0.01  tp: 0.14  tn: 0.84  fp: 0.01  fn: 0.01 
Epoch: [8/10] Step: [210/258]  loss: 0.02  acc: 0.96  tree_l: 0.01  bg_l: 0.01  tp: 0.25  tn: 0.72  fp: 0.01  fn: 0.02 
Epoch: [8/10] Step: [220/258]  loss: 0.02  acc: 0.96  tree_l: 0.01  bg_l: 0.01  tp: 0.23  tn: 0.74  fp: 0.01  fn: 0.02 
Epoch: [8/10] Step: [230/258]  loss: 0.03  acc: 0.96  tree_l: 0.02  bg_l: 0.01  tp: 0.20  tn: 0.76  fp: 0.01  fn: 0.02 
Epoch: [8/10] Step: [240/258]  loss: 0.02  acc: 0.96  tree_l: 0.01  bg_l: 0.01  tp: 0.16  tn: 0.81  fp: 0.01  fn: 0.02 
Epoch: [8/10] Step: [250/258]  loss: 0.02  acc: 0.96  tree_l: 0.01  bg_l: 0.01  tp: 0.21  tn: 0.75  fp: 0.02  fn: 0.01 
validating model after epoch: 8
Val Loss: 0.05, Val Acc: 0.93
Epoch: [9/10] Step: [10/258]  loss: 0.02  acc: 0.96  tree_l: 0.01  bg_l: 0.01  tp: 0.23  tn: 0.73  fp: 0.02  fn: 0.02 
Epoch: [9/10] Step: [20/258]  loss: 0.02  acc: 0.97  tree_l: 0.01  bg_l: 0.01  tp: 0.18  tn: 0.80  fp: 0.01  fn: 0.01 
Epoch: [9/10] Step: [30/258]  loss: 0.02  acc: 0.96  tree_l: 0.01  bg_l: 0.01  tp: 0.14  tn: 0.84  fp: 0.01  fn: 0.02 
Epoch: [9/10] Step: [40/258]  loss: 0.02  acc: 0.96  tree_l: 0.01  bg_l: 0.01  tp: 0.21  tn: 0.76  fp: 0.02  fn: 0.01 
Epoch: [9/10] Step: [50/258]  loss: 0.02  acc: 0.97  tree_l: 0.01  bg_l: 0.01  tp: 0.18  tn: 0.80  fp: 0.02  fn: 0.01 
Epoch: [9/10] Step: [60/258]  loss: 0.02  acc: 0.96  tree_l: 0.01  bg_l: 0.01  tp: 0.27  tn: 0.71  fp: 0.02  fn: 0.01 
Epoch: [9/10] Step: [70/258]  loss: 0.02  acc: 0.96  tree_l: 0.01  bg_l: 0.01  tp: 0.19  tn: 0.77  fp: 0.02  fn: 0.02 
Epoch: [9/10] Step: [80/258]  loss: 0.02  acc: 0.97  tree_l: 0.01  bg_l: 0.01  tp: 0.24  tn: 0.73  fp: 0.01  fn: 0.01 
Epoch: [9/10] Step: [90/258]  loss: 0.02  acc: 0.96  tree_l: 0.01  bg_l: 0.01  tp: 0.16  tn: 0.81  fp: 0.01  fn: 0.02 
Epoch: [9/10] Step: [100/258]  loss: 0.02  acc: 0.97  tree_l: 0.01  bg_l: 0.01  tp: 0.17  tn: 0.81  fp: 0.01  fn: 0.02 
Epoch: [9/10] Step: [110/258]  loss: 0.02  acc: 0.96  tree_l: 0.01  bg_l: 0.01  tp: 0.16  tn: 0.81  fp: 0.01  fn: 0.02 
Epoch: [9/10] Step: [120/258]  loss: 0.02  acc: 0.97  tree_l: 0.01  bg_l: 0.01  tp: 0.16  tn: 0.81  fp: 0.01  fn: 0.02 
Epoch: [9/10] Step: [130/258]  loss: 0.02  acc: 0.97  tree_l: 0.01  bg_l: 0.01  tp: 0.22  tn: 0.75  fp: 0.01  fn: 0.01 
Epoch: [9/10] Step: [140/258]  loss: 0.02  acc: 0.97  tree_l: 0.01  bg_l: 0.01  tp: 0.21  tn: 0.77  fp: 0.02  fn: 0.01 
Epoch: [9/10] Step: [150/258]  loss: 0.02  acc: 0.97  tree_l: 0.01  bg_l: 0.01  tp: 0.18  tn: 0.79  fp: 0.01  fn: 0.02 
Epoch: [9/10] Step: [160/258]  loss: 0.01  acc: 0.97  tree_l: 0.01  bg_l: 0.01  tp: 0.14  tn: 0.84  fp: 0.01  fn: 0.01 
Epoch: [9/10] Step: [170/258]  loss: 0.01  acc: 0.97  tree_l: 0.01  bg_l: 0.01  tp: 0.25  tn: 0.73  fp: 0.01  fn: 0.01 
Epoch: [9/10] Step: [180/258]  loss: 0.01  acc: 0.98  tree_l: 0.00  bg_l: 0.01  tp: 0.13  tn: 0.85  fp: 0.02  fn: 0.00 
Epoch: [9/10] Step: [190/258]  loss: 0.01  acc: 0.97  tree_l: 0.01  bg_l: 0.01  tp: 0.13  tn: 0.85  fp: 0.01  fn: 0.01 
Epoch: [9/10] Step: [200/258]  loss: 0.02  acc: 0.96  tree_l: 0.01  bg_l: 0.01  tp: 0.22  tn: 0.75  fp: 0.02  fn: 0.01 
Epoch: [9/10] Step: [210/258]  loss: 0.02  acc: 0.97  tree_l: 0.01  bg_l: 0.01  tp: 0.28  tn: 0.69  fp: 0.02  fn: 0.01 
Epoch: [9/10] Step: [220/258]  loss: 0.02  acc: 0.96  tree_l: 0.01  bg_l: 0.01  tp: 0.20  tn: 0.77  fp: 0.01  fn: 0.02 
Epoch: [9/10] Step: [230/258]  loss: 0.02  acc: 0.97  tree_l: 0.01  bg_l: 0.01  tp: 0.20  tn: 0.77  fp: 0.01  fn: 0.02 
Epoch: [9/10] Step: [240/258]  loss: 0.02  acc: 0.97  tree_l: 0.01  bg_l: 0.01  tp: 0.16  tn: 0.81  fp: 0.01  fn: 0.02 
Epoch: [9/10] Step: [250/258]  loss: 0.02  acc: 0.97  tree_l: 0.01  bg_l: 0.01  tp: 0.20  tn: 0.78  fp: 0.01  fn: 0.01 
validating model after epoch: 9
Val Loss: 0.05, Val Acc: 0.93
Epoch: [10/10] Step: [10/258]  loss: 0.02  acc: 0.96  tree_l: 0.01  bg_l: 0.01  tp: 0.23  tn: 0.74  fp: 0.02  fn: 0.01 
Epoch: [10/10] Step: [20/258]  loss: 0.01  acc: 0.97  tree_l: 0.01  bg_l: 0.01  tp: 0.16  tn: 0.82  fp: 0.01  fn: 0.01 
Epoch: [10/10] Step: [30/258]  loss: 0.02  acc: 0.97  tree_l: 0.01  bg_l: 0.01  tp: 0.11  tn: 0.86  fp: 0.01  fn: 0.01 
Epoch: [10/10] Step: [40/258]  loss: 0.01  acc: 0.98  tree_l: 0.01  bg_l: 0.00  tp: 0.19  tn: 0.79  fp: 0.01  fn: 0.01 
Epoch: [10/10] Step: [50/258]  loss: 0.01  acc: 0.97  tree_l: 0.01  bg_l: 0.01  tp: 0.20  tn: 0.78  fp: 0.01  fn: 0.02 
Epoch: [10/10] Step: [60/258]  loss: 0.02  acc: 0.96  tree_l: 0.01  bg_l: 0.01  tp: 0.16  tn: 0.81  fp: 0.01  fn: 0.02 
Epoch: [10/10] Step: [70/258]  loss: 0.01  acc: 0.98  tree_l: 0.01  bg_l: 0.01  tp: 0.15  tn: 0.83  fp: 0.01  fn: 0.01 
Epoch: [10/10] Step: [80/258]  loss: 0.02  acc: 0.97  tree_l: 0.01  bg_l: 0.01  tp: 0.19  tn: 0.78  fp: 0.01  fn: 0.01 
Epoch: [10/10] Step: [90/258]  loss: 0.02  acc: 0.97  tree_l: 0.01  bg_l: 0.01  tp: 0.23  tn: 0.75  fp: 0.01  fn: 0.01 
Epoch: [10/10] Step: [100/258]  loss: 0.02  acc: 0.96  tree_l: 0.01  bg_l: 0.01  tp: 0.23  tn: 0.74  fp: 0.02  fn: 0.01 
Epoch: [10/10] Step: [110/258]  loss: 0.01  acc: 0.97  tree_l: 0.01  bg_l: 0.01  tp: 0.16  tn: 0.82  fp: 0.01  fn: 0.01 
Epoch: [10/10] Step: [120/258]  loss: 0.02  acc: 0.96  tree_l: 0.01  bg_l: 0.01  tp: 0.26  tn: 0.71  fp: 0.02  fn: 0.01 
Epoch: [10/10] Step: [130/258]  loss: 0.01  acc: 0.97  tree_l: 0.01  bg_l: 0.00  tp: 0.16  tn: 0.82  fp: 0.01  fn: 0.01 
Epoch: [10/10] Step: [140/258]  loss: 0.02  acc: 0.97  tree_l: 0.01  bg_l: 0.01  tp: 0.27  tn: 0.71  fp: 0.01  fn: 0.02 
Epoch: [10/10] Step: [150/258]  loss: 0.02  acc: 0.97  tree_l: 0.01  bg_l: 0.01  tp: 0.14  tn: 0.84  fp: 0.01  fn: 0.01 
Epoch: [10/10] Step: [160/258]  loss: 0.01  acc: 0.97  tree_l: 0.01  bg_l: 0.01  tp: 0.25  tn: 0.73  fp: 0.01  fn: 0.01 
Epoch: [10/10] Step: [170/258]  loss: 0.02  acc: 0.97  tree_l: 0.01  bg_l: 0.01  tp: 0.19  tn: 0.78  fp: 0.01  fn: 0.01 
Epoch: [10/10] Step: [180/258]  loss: 0.02  acc: 0.97  tree_l: 0.01  bg_l: 0.01  tp: 0.18  tn: 0.79  fp: 0.01  fn: 0.01 
Epoch: [10/10] Step: [190/258]  loss: 0.01  acc: 0.97  tree_l: 0.01  bg_l: 0.01  tp: 0.13  tn: 0.85  fp: 0.01  fn: 0.01 
Epoch: [10/10] Step: [200/258]  loss: 0.01  acc: 0.97  tree_l: 0.01  bg_l: 0.01  tp: 0.16  tn: 0.82  fp: 0.01  fn: 0.01 
Epoch: [10/10] Step: [210/258]  loss: 0.02  acc: 0.97  tree_l: 0.01  bg_l: 0.01  tp: 0.19  tn: 0.79  fp: 0.01  fn: 0.01 
Epoch: [10/10] Step: [220/258]  loss: 0.02  acc: 0.97  tree_l: 0.01  bg_l: 0.01  tp: 0.28  tn: 0.69  fp: 0.01  fn: 0.01 
Epoch: [10/10] Step: [230/258]  loss: 0.01  acc: 0.97  tree_l: 0.01  bg_l: 0.01  tp: 0.14  tn: 0.83  fp: 0.01  fn: 0.01 
Epoch: [10/10] Step: [240/258]  loss: 0.01  acc: 0.96  tree_l: 0.01  bg_l: 0.01  tp: 0.19  tn: 0.78  fp: 0.01  fn: 0.01 
Epoch: [10/10] Step: [250/258]  loss: 0.01  acc: 0.98  tree_l: 0.01  bg_l: 0.01  tp: 0.13  tn: 0.85  fp: 0.01  fn: 0.01 
validating model after epoch: 10
Val Loss: 0.05, Val Acc: 0.93
do you want to stop the instance?
run.sh: line 9: read: read error: 0: Bad file descriptor
keep the instance running
